<?xml version="1.0" encoding="UTF-8"?>
<testng-results skipped="0" failed="0" total="5" passed="5">
  <reporter-output>
  </reporter-output>
  <suite name="Test - Suite" duration-ms="184694" started-at="2018-11-21T11:03:10Z" finished-at="2018-11-21T11:06:15Z">
    <groups>
    </groups>
    <test name="Tools QA" duration-ms="184694" started-at="2018-11-21T11:03:10Z" finished-at="2018-11-21T11:06:15Z">
      <class name="ca.caProject.launchAppCA">
        <test-method status="PASS" signature="f()[pri:0, instance:ca.caProject.launchAppCA@1b604f19]" name="f" duration-ms="119774" started-at="2018-11-21T16:33:10Z" finished-at="2018-11-21T16:35:10Z">
          <reporter-output>
          </reporter-output>
        </test-method> <!-- f -->
      </class> <!-- ca.caProject.launchAppCA -->
      <class name="ca.caProject.ClientStatus">
        <test-method status="PASS" signature="AddClientStatus()[pri:0, instance:ca.caProject.ClientStatus@735b5592]" name="AddClientStatus" duration-ms="21592" started-at="2018-11-21T16:35:10Z" finished-at="2018-11-21T16:35:31Z">
          <reporter-output>
          </reporter-output>
        </test-method> <!-- AddClientStatus -->
        <test-method status="PASS" signature="ClientStatusRequired()[pri:0, instance:ca.caProject.ClientStatus@735b5592]" name="ClientStatusRequired" duration-ms="7691" started-at="2018-11-21T16:35:31Z" finished-at="2018-11-21T16:35:39Z">
          <reporter-output>
          </reporter-output>
        </test-method> <!-- ClientStatusRequired -->
        <test-method status="PASS" signature="EditClientStatusRequired()[pri:0, instance:ca.caProject.ClientStatus@735b5592]" name="EditClientStatusRequired" duration-ms="15264" started-at="2018-11-21T16:35:39Z" finished-at="2018-11-21T16:35:54Z">
          <reporter-output>
          </reporter-output>
        </test-method> <!-- EditClientStatusRequired -->
        <test-method status="PASS" signature="EditClientStatus()[pri:0, instance:ca.caProject.ClientStatus@735b5592]" name="EditClientStatus" duration-ms="20159" started-at="2018-11-21T16:35:54Z" finished-at="2018-11-21T16:36:15Z">
          <reporter-output>
          </reporter-output>
        </test-method> <!-- EditClientStatus -->
      </class> <!-- ca.caProject.ClientStatus -->
    </test> <!-- Tools QA -->
  </suite> <!-- Test - Suite -->
</testng-results>
