<?xml version="1.0" encoding="UTF-8"?>
<!-- Generated by org.testng.reporters.JUnitXMLReporter -->
<testsuite hostname="Sami_Android4" name="Tools QA" tests="5" failures="0" timestamp="21 Nov 2018 11:06:15 GMT" time="184.694" errors="0">
  <testcase name="f" time="119.774" classname="ca.caProject.launchAppCA"/>
  <testcase name="AddClientStatus" time="21.592" classname="ca.caProject.ClientStatus"/>
  <testcase name="ClientStatusRequired" time="7.691" classname="ca.caProject.ClientStatus"/>
  <testcase name="EditClientStatusRequired" time="15.264" classname="ca.caProject.ClientStatus"/>
  <testcase name="EditClientStatus" time="20.159" classname="ca.caProject.ClientStatus"/>
</testsuite> <!-- Tools QA -->
